{"D:\\Documents\\02-Développement_Web\\Projects\\Websites\\Shadow Runner\\src\\App.tsx": {"path":"D:\\Documents\\02-Développement_Web\\Projects\\Websites\\Shadow Runner\\src\\App.tsx","statementMap":{"0":{"start":{"line":5,"column":2},"end":{"line":5,"column":null}},"1":{"start":{"line":7,"column":2},"end":{"line":10,"column":null}}},"fnMap":{"0":{"name":"App","decl":{"start":{"line":4,"column":9},"end":{"line":4,"column":15}},"loc":{"start":{"line":4,"column":15},"end":{"line":12,"column":null}},"line":4}},"branchMap":{},"s":{"0":0,"1":0},"f":{"0":0},"b":{},"meta":{"lastBranch":0,"lastFunction":1,"lastStatement":2,"seen":{"f:4:9:4:15":0,"s:5:2:5:Infinity":0,"s:7:2:10:Infinity":1}}}
,"D:\\Documents\\02-Développement_Web\\Projects\\Websites\\Shadow Runner\\src\\components\\GameMap.tsx": {"path":"D:\\Documents\\02-Développement_Web\\Projects\\Websites\\Shadow Runner\\src\\components\\GameMap.tsx","statementMap":{"0":{"start":{"line":5,"column":26},"end":{"line":56,"column":null}},"1":{"start":{"line":6,"column":8},"end":{"line":6,"column":null}},"2":{"start":{"line":7,"column":8},"end":{"line":7,"column":null}},"3":{"start":{"line":9,"column":2},"end":{"line":43,"column":null}},"4":{"start":{"line":10,"column":4},"end":{"line":10,"column":null}},"5":{"start":{"line":10,"column":21},"end":{"line":10,"column":null}},"6":{"start":{"line":12,"column":4},"end":{"line":35,"column":null}},"7":{"start":{"line":13,"column":6},"end":{"line":19,"column":null}},"8":{"start":{"line":21,"column":6},"end":{"line":21,"column":null}},"9":{"start":{"line":24,"column":6},"end":{"line":34,"column":null}},"10":{"start":{"line":37,"column":4},"end":{"line":42,"column":null}},"11":{"start":{"line":38,"column":6},"end":{"line":41,"column":null}},"12":{"start":{"line":39,"column":8},"end":{"line":39,"column":null}},"13":{"start":{"line":40,"column":8},"end":{"line":40,"column":null}},"14":{"start":{"line":45,"column":2},"end":{"line":54,"column":null}}},"fnMap":{"0":{"name":"(anonymous_0)","decl":{"start":{"line":5,"column":26},"end":{"line":5,"column":32}},"loc":{"start":{"line":5,"column":32},"end":{"line":56,"column":null}},"line":5},"1":{"name":"(anonymous_1)","decl":{"start":{"line":9,"column":12},"end":{"line":9,"column":18}},"loc":{"start":{"line":9,"column":18},"end":{"line":43,"column":5}},"line":9},"2":{"name":"(anonymous_2)","decl":{"start":{"line":37,"column":11},"end":{"line":37,"column":17}},"loc":{"start":{"line":37,"column":17},"end":{"line":42,"column":null}},"line":37}},"branchMap":{"0":{"loc":{"start":{"line":10,"column":4},"end":{"line":10,"column":null}},"type":"if","locations":[{"start":{"line":10,"column":4},"end":{"line":10,"column":null}},{"start":{},"end":{}}],"line":10},"1":{"loc":{"start":{"line":12,"column":4},"end":{"line":35,"column":null}},"type":"if","locations":[{"start":{"line":12,"column":4},"end":{"line":35,"column":null}},{"start":{},"end":{}}],"line":12},"2":{"loc":{"start":{"line":38,"column":6},"end":{"line":41,"column":null}},"type":"if","locations":[{"start":{"line":38,"column":6},"end":{"line":41,"column":null}},{"start":{},"end":{}}],"line":38}},"s":{"0":0,"1":0,"2":0,"3":0,"4":0,"5":0,"6":0,"7":0,"8":0,"9":0,"10":0,"11":0,"12":0,"13":0,"14":0},"f":{"0":0,"1":0,"2":0},"b":{"0":[0,0],"1":[0,0],"2":[0,0]},"meta":{"lastBranch":3,"lastFunction":3,"lastStatement":15,"seen":{"s:5:26:56:Infinity":0,"f:5:26:5:32":0,"s:6:8:6:Infinity":1,"s:7:8:7:Infinity":2,"s:9:2:43:Infinity":3,"f:9:12:9:18":1,"b:10:4:10:Infinity:undefined:undefined:undefined:undefined":0,"s:10:4:10:Infinity":4,"s:10:21:10:Infinity":5,"b:12:4:35:Infinity:undefined:undefined:undefined:undefined":1,"s:12:4:35:Infinity":6,"s:13:6:19:Infinity":7,"s:21:6:21:Infinity":8,"s:24:6:34:Infinity":9,"s:37:4:42:Infinity":10,"f:37:11:37:17":2,"b:38:6:41:Infinity:undefined:undefined:undefined:undefined":2,"s:38:6:41:Infinity":11,"s:39:8:39:Infinity":12,"s:40:8:40:Infinity":13,"s:45:2:54:Infinity":14}}}
,"D:\\Documents\\02-Développement_Web\\Projects\\Websites\\Shadow Runner\\src\\hooks\\useWakeLock.ts": {"path":"D:\\Documents\\02-Développement_Web\\Projects\\Websites\\Shadow Runner\\src\\hooks\\useWakeLock.ts","statementMap":{"0":{"start":{"line":3,"column":27},"end":{"line":38,"column":null}},"1":{"start":{"line":4,"column":8},"end":{"line":4,"column":null}},"2":{"start":{"line":6,"column":2},"end":{"line":37,"column":null}},"3":{"start":{"line":7,"column":28},"end":{"line":16,"column":null}},"4":{"start":{"line":8,"column":6},"end":{"line":15,"column":null}},"5":{"start":{"line":9,"column":8},"end":{"line":12,"column":null}},"6":{"start":{"line":10,"column":10},"end":{"line":10,"column":null}},"7":{"start":{"line":11,"column":10},"end":{"line":11,"column":null}},"8":{"start":{"line":14,"column":8},"end":{"line":14,"column":null}},"9":{"start":{"line":18,"column":4},"end":{"line":18,"column":null}},"10":{"start":{"line":20,"column":35},"end":{"line":24,"column":null}},"11":{"start":{"line":21,"column":6},"end":{"line":23,"column":null}},"12":{"start":{"line":22,"column":8},"end":{"line":22,"column":null}},"13":{"start":{"line":26,"column":4},"end":{"line":26,"column":null}},"14":{"start":{"line":28,"column":4},"end":{"line":36,"column":null}},"15":{"start":{"line":29,"column":6},"end":{"line":29,"column":null}},"16":{"start":{"line":30,"column":6},"end":{"line":35,"column":null}},"17":{"start":{"line":31,"column":8},"end":{"line":34,"column":null}},"18":{"start":{"line":32,"column":10},"end":{"line":32,"column":null}},"19":{"start":{"line":33,"column":10},"end":{"line":33,"column":null}}},"fnMap":{"0":{"name":"(anonymous_0)","decl":{"start":{"line":3,"column":27},"end":{"line":3,"column":33}},"loc":{"start":{"line":3,"column":33},"end":{"line":38,"column":null}},"line":3},"1":{"name":"(anonymous_1)","decl":{"start":{"line":6,"column":12},"end":{"line":6,"column":18}},"loc":{"start":{"line":6,"column":18},"end":{"line":37,"column":5}},"line":6},"2":{"name":"(anonymous_2)","decl":{"start":{"line":7,"column":28},"end":{"line":7,"column":40}},"loc":{"start":{"line":7,"column":40},"end":{"line":16,"column":null}},"line":7},"3":{"name":"(anonymous_3)","decl":{"start":{"line":20,"column":35},"end":{"line":20,"column":47}},"loc":{"start":{"line":20,"column":47},"end":{"line":24,"column":null}},"line":20},"4":{"name":"(anonymous_4)","decl":{"start":{"line":28,"column":11},"end":{"line":28,"column":17}},"loc":{"start":{"line":28,"column":17},"end":{"line":36,"column":null}},"line":28},"5":{"name":"(anonymous_5)","decl":{"start":{"line":31,"column":40},"end":{"line":31,"column":46}},"loc":{"start":{"line":31,"column":46},"end":{"line":34,"column":9}},"line":31}},"branchMap":{"0":{"loc":{"start":{"line":9,"column":8},"end":{"line":12,"column":null}},"type":"if","locations":[{"start":{"line":9,"column":8},"end":{"line":12,"column":null}},{"start":{},"end":{}}],"line":9},"1":{"loc":{"start":{"line":9,"column":12},"end":{"line":9,"column":59}},"type":"binary-expr","locations":[{"start":{"line":9,"column":12},"end":{"line":9,"column":39}},{"start":{"line":9,"column":39},"end":{"line":9,"column":59}}],"line":9},"2":{"loc":{"start":{"line":21,"column":6},"end":{"line":23,"column":null}},"type":"if","locations":[{"start":{"line":21,"column":6},"end":{"line":23,"column":null}},{"start":{},"end":{}}],"line":21},"3":{"loc":{"start":{"line":21,"column":10},"end":{"line":21,"column":79}},"type":"binary-expr","locations":[{"start":{"line":21,"column":10},"end":{"line":21,"column":39}},{"start":{"line":21,"column":39},"end":{"line":21,"column":79}}],"line":21},"4":{"loc":{"start":{"line":30,"column":6},"end":{"line":35,"column":null}},"type":"if","locations":[{"start":{"line":30,"column":6},"end":{"line":35,"column":null}},{"start":{},"end":{}}],"line":30}},"s":{"0":1,"1":5,"2":5,"3":5,"4":6,"5":6,"6":5,"7":4,"8":1,"9":5,"10":5,"11":2,"12":1,"13":5,"14":5,"15":5,"16":5,"17":3,"18":3,"19":3},"f":{"0":5,"1":5,"2":6,"3":2,"4":5,"5":3},"b":{"0":[5,1],"1":[6,5],"2":[1,1],"3":[2,2],"4":[3,2]},"meta":{"lastBranch":5,"lastFunction":6,"lastStatement":20,"seen":{"s:3:27:38:Infinity":0,"f:3:27:3:33":0,"s:4:8:4:Infinity":1,"s:6:2:37:Infinity":2,"f:6:12:6:18":1,"s:7:28:16:Infinity":3,"f:7:28:7:40":2,"s:8:6:15:Infinity":4,"b:9:8:12:Infinity:undefined:undefined:undefined:undefined":0,"s:9:8:12:Infinity":5,"b:9:12:9:39:9:39:9:59":1,"s:10:10:10:Infinity":6,"s:11:10:11:Infinity":7,"s:14:8:14:Infinity":8,"s:18:4:18:Infinity":9,"s:20:35:24:Infinity":10,"f:20:35:20:47":3,"b:21:6:23:Infinity:undefined:undefined:undefined:undefined":2,"s:21:6:23:Infinity":11,"b:21:10:21:39:21:39:21:79":3,"s:22:8:22:Infinity":12,"s:26:4:26:Infinity":13,"s:28:4:36:Infinity":14,"f:28:11:28:17":4,"s:29:6:29:Infinity":15,"b:30:6:35:Infinity:undefined:undefined:undefined:undefined":4,"s:30:6:35:Infinity":16,"s:31:8:34:Infinity":17,"f:31:40:31:46":5,"s:32:10:32:Infinity":18,"s:33:10:33:Infinity":19}}}
}
