{"D:\\Documents\\02-Développement_Web\\Projects\\Websites\\Shadow Runner\\src\\App.tsx": {"path":"D:\\Documents\\02-Développement_Web\\Projects\\Websites\\Shadow Runner\\src\\App.tsx","statementMap":{"0":{"start":{"line":5,"column":2},"end":{"line":5,"column":null}},"1":{"start":{"line":7,"column":2},"end":{"line":10,"column":null}}},"fnMap":{"0":{"name":"App","decl":{"start":{"line":4,"column":9},"end":{"line":4,"column":15}},"loc":{"start":{"line":4,"column":15},"end":{"line":12,"column":null}},"line":4}},"branchMap":{},"s":{"0":0,"1":0},"f":{"0":0},"b":{},"meta":{"lastBranch":0,"lastFunction":1,"lastStatement":2,"seen":{"f:4:9:4:15":0,"s:5:2:5:Infinity":0,"s:7:2:10:Infinity":1}}}
,"D:\\Documents\\02-Développement_Web\\Projects\\Websites\\Shadow Runner\\src\\components\\GameMap.tsx": {"path":"D:\\Documents\\02-Développement_Web\\Projects\\Websites\\Shadow Runner\\src\\components\\GameMap.tsx","statementMap":{"0":{"start":{"line":5,"column":26},"end":{"line":55,"column":null}},"1":{"start":{"line":6,"column":8},"end":{"line":6,"column":null}},"2":{"start":{"line":7,"column":8},"end":{"line":7,"column":null}},"3":{"start":{"line":9,"column":2},"end":{"line":42,"column":null}},"4":{"start":{"line":10,"column":4},"end":{"line":10,"column":null}},"5":{"start":{"line":10,"column":21},"end":{"line":10,"column":null}},"6":{"start":{"line":12,"column":4},"end":{"line":34,"column":null}},"7":{"start":{"line":13,"column":6},"end":{"line":19,"column":null}},"8":{"start":{"line":21,"column":6},"end":{"line":21,"column":null}},"9":{"start":{"line":24,"column":6},"end":{"line":33,"column":null}},"10":{"start":{"line":36,"column":4},"end":{"line":41,"column":null}},"11":{"start":{"line":37,"column":6},"end":{"line":40,"column":null}},"12":{"start":{"line":38,"column":8},"end":{"line":38,"column":null}},"13":{"start":{"line":39,"column":8},"end":{"line":39,"column":null}},"14":{"start":{"line":44,"column":2},"end":{"line":53,"column":null}}},"fnMap":{"0":{"name":"(anonymous_0)","decl":{"start":{"line":5,"column":26},"end":{"line":5,"column":32}},"loc":{"start":{"line":5,"column":32},"end":{"line":55,"column":null}},"line":5},"1":{"name":"(anonymous_1)","decl":{"start":{"line":9,"column":12},"end":{"line":9,"column":18}},"loc":{"start":{"line":9,"column":18},"end":{"line":42,"column":5}},"line":9},"2":{"name":"(anonymous_2)","decl":{"start":{"line":36,"column":11},"end":{"line":36,"column":17}},"loc":{"start":{"line":36,"column":17},"end":{"line":41,"column":null}},"line":36}},"branchMap":{"0":{"loc":{"start":{"line":10,"column":4},"end":{"line":10,"column":null}},"type":"if","locations":[{"start":{"line":10,"column":4},"end":{"line":10,"column":null}},{"start":{},"end":{}}],"line":10},"1":{"loc":{"start":{"line":12,"column":4},"end":{"line":34,"column":null}},"type":"if","locations":[{"start":{"line":12,"column":4},"end":{"line":34,"column":null}},{"start":{},"end":{}}],"line":12},"2":{"loc":{"start":{"line":37,"column":6},"end":{"line":40,"column":null}},"type":"if","locations":[{"start":{"line":37,"column":6},"end":{"line":40,"column":null}},{"start":{},"end":{}}],"line":37}},"s":{"0":0,"1":0,"2":0,"3":0,"4":0,"5":0,"6":0,"7":0,"8":0,"9":0,"10":0,"11":0,"12":0,"13":0,"14":0},"f":{"0":0,"1":0,"2":0},"b":{"0":[0,0],"1":[0,0],"2":[0,0]},"meta":{"lastBranch":3,"lastFunction":3,"lastStatement":15,"seen":{"s:5:26:55:Infinity":0,"f:5:26:5:32":0,"s:6:8:6:Infinity":1,"s:7:8:7:Infinity":2,"s:9:2:42:Infinity":3,"f:9:12:9:18":1,"b:10:4:10:Infinity:undefined:undefined:undefined:undefined":0,"s:10:4:10:Infinity":4,"s:10:21:10:Infinity":5,"b:12:4:34:Infinity:undefined:undefined:undefined:undefined":1,"s:12:4:34:Infinity":6,"s:13:6:19:Infinity":7,"s:21:6:21:Infinity":8,"s:24:6:33:Infinity":9,"s:36:4:41:Infinity":10,"f:36:11:36:17":2,"b:37:6:40:Infinity:undefined:undefined:undefined:undefined":2,"s:37:6:40:Infinity":11,"s:38:8:38:Infinity":12,"s:39:8:39:Infinity":13,"s:44:2:53:Infinity":14}}}
,"D:\\Documents\\02-Développement_Web\\Projects\\Websites\\Shadow Runner\\src\\hooks\\useWakeLock.ts": {"path":"D:\\Documents\\02-Développement_Web\\Projects\\Websites\\Shadow Runner\\src\\hooks\\useWakeLock.ts","statementMap":{"0":{"start":{"line":3,"column":27},"end":{"line":40,"column":null}},"1":{"start":{"line":5,"column":8},"end":{"line":5,"column":null}},"2":{"start":{"line":7,"column":2},"end":{"line":39,"column":null}},"3":{"start":{"line":8,"column":28},"end":{"line":18,"column":null}},"4":{"start":{"line":9,"column":6},"end":{"line":17,"column":null}},"5":{"start":{"line":10,"column":8},"end":{"line":14,"column":null}},"6":{"start":{"line":12,"column":10},"end":{"line":12,"column":null}},"7":{"start":{"line":13,"column":10},"end":{"line":13,"column":null}},"8":{"start":{"line":16,"column":8},"end":{"line":16,"column":null}},"9":{"start":{"line":20,"column":4},"end":{"line":20,"column":null}},"10":{"start":{"line":22,"column":35},"end":{"line":26,"column":null}},"11":{"start":{"line":23,"column":6},"end":{"line":25,"column":null}},"12":{"start":{"line":24,"column":8},"end":{"line":24,"column":null}},"13":{"start":{"line":28,"column":4},"end":{"line":28,"column":null}},"14":{"start":{"line":30,"column":4},"end":{"line":38,"column":null}},"15":{"start":{"line":31,"column":6},"end":{"line":31,"column":null}},"16":{"start":{"line":32,"column":6},"end":{"line":37,"column":null}},"17":{"start":{"line":33,"column":8},"end":{"line":36,"column":null}},"18":{"start":{"line":34,"column":10},"end":{"line":34,"column":null}},"19":{"start":{"line":35,"column":10},"end":{"line":35,"column":null}}},"fnMap":{"0":{"name":"(anonymous_0)","decl":{"start":{"line":3,"column":27},"end":{"line":3,"column":33}},"loc":{"start":{"line":3,"column":33},"end":{"line":40,"column":null}},"line":3},"1":{"name":"(anonymous_1)","decl":{"start":{"line":7,"column":12},"end":{"line":7,"column":18}},"loc":{"start":{"line":7,"column":18},"end":{"line":39,"column":5}},"line":7},"2":{"name":"(anonymous_2)","decl":{"start":{"line":8,"column":28},"end":{"line":8,"column":40}},"loc":{"start":{"line":8,"column":40},"end":{"line":18,"column":null}},"line":8},"3":{"name":"(anonymous_3)","decl":{"start":{"line":22,"column":35},"end":{"line":22,"column":47}},"loc":{"start":{"line":22,"column":47},"end":{"line":26,"column":null}},"line":22},"4":{"name":"(anonymous_4)","decl":{"start":{"line":30,"column":11},"end":{"line":30,"column":17}},"loc":{"start":{"line":30,"column":17},"end":{"line":38,"column":null}},"line":30},"5":{"name":"(anonymous_5)","decl":{"start":{"line":33,"column":40},"end":{"line":33,"column":46}},"loc":{"start":{"line":33,"column":46},"end":{"line":36,"column":9}},"line":33}},"branchMap":{"0":{"loc":{"start":{"line":10,"column":8},"end":{"line":14,"column":null}},"type":"if","locations":[{"start":{"line":10,"column":8},"end":{"line":14,"column":null}},{"start":{},"end":{}}],"line":10},"1":{"loc":{"start":{"line":23,"column":6},"end":{"line":25,"column":null}},"type":"if","locations":[{"start":{"line":23,"column":6},"end":{"line":25,"column":null}},{"start":{},"end":{}}],"line":23},"2":{"loc":{"start":{"line":23,"column":10},"end":{"line":23,"column":79}},"type":"binary-expr","locations":[{"start":{"line":23,"column":10},"end":{"line":23,"column":39}},{"start":{"line":23,"column":39},"end":{"line":23,"column":79}}],"line":23},"3":{"loc":{"start":{"line":32,"column":6},"end":{"line":37,"column":null}},"type":"if","locations":[{"start":{"line":32,"column":6},"end":{"line":37,"column":null}},{"start":{},"end":{}}],"line":32}},"s":{"0":1,"1":4,"2":4,"3":4,"4":5,"5":5,"6":5,"7":4,"8":1,"9":4,"10":4,"11":2,"12":1,"13":4,"14":4,"15":4,"16":4,"17":3,"18":3,"19":3},"f":{"0":4,"1":4,"2":5,"3":2,"4":4,"5":3},"b":{"0":[5,0],"1":[1,1],"2":[2,2],"3":[3,1]},"meta":{"lastBranch":4,"lastFunction":6,"lastStatement":20,"seen":{"s:3:27:40:Infinity":0,"f:3:27:3:33":0,"s:5:8:5:Infinity":1,"s:7:2:39:Infinity":2,"f:7:12:7:18":1,"s:8:28:18:Infinity":3,"f:8:28:8:40":2,"s:9:6:17:Infinity":4,"b:10:8:14:Infinity:undefined:undefined:undefined:undefined":0,"s:10:8:14:Infinity":5,"s:12:10:12:Infinity":6,"s:13:10:13:Infinity":7,"s:16:8:16:Infinity":8,"s:20:4:20:Infinity":9,"s:22:35:26:Infinity":10,"f:22:35:22:47":3,"b:23:6:25:Infinity:undefined:undefined:undefined:undefined":1,"s:23:6:25:Infinity":11,"b:23:10:23:39:23:39:23:79":2,"s:24:8:24:Infinity":12,"s:28:4:28:Infinity":13,"s:30:4:38:Infinity":14,"f:30:11:30:17":4,"s:31:6:31:Infinity":15,"b:32:6:37:Infinity:undefined:undefined:undefined:undefined":3,"s:32:6:37:Infinity":16,"s:33:8:36:Infinity":17,"f:33:40:33:46":5,"s:34:10:34:Infinity":18,"s:35:10:35:Infinity":19}}}
}
